[2026-02-23T23:47:20.567+0000] {processor.py:186} INFO - Started process (PID=183) to work on /opt/airflow/dags/learning_pipeline.py
[2026-02-23T23:47:20.568+0000] {processor.py:914} INFO - Processing file /opt/airflow/dags/learning_pipeline.py for tasks to queue
[2026-02-23T23:47:20.571+0000] {logging_mixin.py:190} INFO - [2026-02-23T23:47:20.570+0000] {dagbag.py:588} INFO - Filling up the DagBag from /opt/airflow/dags/learning_pipeline.py
[2026-02-23T23:47:20.620+0000] {processor.py:925} INFO - DAG(s) 'learning_etl_pipeline' retrieved from /opt/airflow/dags/learning_pipeline.py
[2026-02-23T23:47:20.857+0000] {logging_mixin.py:190} INFO - [2026-02-23T23:47:20.856+0000] {override.py:1911} INFO - Created Permission View: can read on DAG:learning_etl_pipeline
[2026-02-23T23:47:20.864+0000] {logging_mixin.py:190} INFO - [2026-02-23T23:47:20.864+0000] {override.py:1911} INFO - Created Permission View: can edit on DAG:learning_etl_pipeline
[2026-02-23T23:47:20.869+0000] {logging_mixin.py:190} INFO - [2026-02-23T23:47:20.868+0000] {override.py:1911} INFO - Created Permission View: can delete on DAG:learning_etl_pipeline
[2026-02-23T23:47:20.874+0000] {logging_mixin.py:190} INFO - [2026-02-23T23:47:20.874+0000] {override.py:1911} INFO - Created Permission View: menu access on DAG Run:learning_etl_pipeline
[2026-02-23T23:47:20.878+0000] {logging_mixin.py:190} INFO - [2026-02-23T23:47:20.878+0000] {override.py:1911} INFO - Created Permission View: can create on DAG Run:learning_etl_pipeline
[2026-02-23T23:47:20.882+0000] {logging_mixin.py:190} INFO - [2026-02-23T23:47:20.882+0000] {override.py:1911} INFO - Created Permission View: can read on DAG Run:learning_etl_pipeline
[2026-02-23T23:47:20.887+0000] {logging_mixin.py:190} INFO - [2026-02-23T23:47:20.887+0000] {override.py:1911} INFO - Created Permission View: can delete on DAG Run:learning_etl_pipeline
[2026-02-23T23:47:20.887+0000] {logging_mixin.py:190} INFO - [2026-02-23T23:47:20.887+0000] {dag.py:3239} INFO - Sync 1 DAGs
[2026-02-23T23:47:20.903+0000] {logging_mixin.py:190} INFO - [2026-02-23T23:47:20.903+0000] {dag.py:3262} INFO - Creating ORM DAG for learning_etl_pipeline
[2026-02-23T23:47:20.915+0000] {logging_mixin.py:190} INFO - [2026-02-23T23:47:20.914+0000] {dag.py:4180} INFO - Setting next_dagrun for learning_etl_pipeline to 2026-02-22 00:00:00+00:00, run_after=2026-02-23 00:00:00+00:00
[2026-02-23T23:47:20.934+0000] {processor.py:208} INFO - Processing /opt/airflow/dags/learning_pipeline.py took 0.376 seconds
[2026-02-23T23:47:51.119+0000] {processor.py:186} INFO - Started process (PID=188) to work on /opt/airflow/dags/learning_pipeline.py
[2026-02-23T23:47:51.120+0000] {processor.py:914} INFO - Processing file /opt/airflow/dags/learning_pipeline.py for tasks to queue
[2026-02-23T23:47:51.124+0000] {logging_mixin.py:190} INFO - [2026-02-23T23:47:51.123+0000] {dagbag.py:588} INFO - Filling up the DagBag from /opt/airflow/dags/learning_pipeline.py
[2026-02-23T23:47:51.147+0000] {processor.py:925} INFO - DAG(s) 'learning_etl_pipeline' retrieved from /opt/airflow/dags/learning_pipeline.py
[2026-02-23T23:47:51.179+0000] {logging_mixin.py:190} INFO - [2026-02-23T23:47:51.178+0000] {dag.py:3239} INFO - Sync 1 DAGs
[2026-02-23T23:47:51.207+0000] {logging_mixin.py:190} INFO - [2026-02-23T23:47:51.207+0000] {dag.py:4180} INFO - Setting next_dagrun for learning_etl_pipeline to 2026-02-22 00:00:00+00:00, run_after=2026-02-23 00:00:00+00:00
[2026-02-23T23:47:51.223+0000] {processor.py:208} INFO - Processing /opt/airflow/dags/learning_pipeline.py took 0.110 seconds
[2026-02-23T23:48:21.277+0000] {processor.py:186} INFO - Started process (PID=193) to work on /opt/airflow/dags/learning_pipeline.py
[2026-02-23T23:48:21.277+0000] {processor.py:914} INFO - Processing file /opt/airflow/dags/learning_pipeline.py for tasks to queue
[2026-02-23T23:48:21.280+0000] {logging_mixin.py:190} INFO - [2026-02-23T23:48:21.280+0000] {dagbag.py:588} INFO - Filling up the DagBag from /opt/airflow/dags/learning_pipeline.py
[2026-02-23T23:48:21.300+0000] {processor.py:925} INFO - DAG(s) 'learning_etl_pipeline' retrieved from /opt/airflow/dags/learning_pipeline.py
[2026-02-23T23:48:21.327+0000] {logging_mixin.py:190} INFO - [2026-02-23T23:48:21.327+0000] {dag.py:3239} INFO - Sync 1 DAGs
[2026-02-23T23:48:21.348+0000] {logging_mixin.py:190} INFO - [2026-02-23T23:48:21.348+0000] {dag.py:4180} INFO - Setting next_dagrun for learning_etl_pipeline to 2026-02-22 00:00:00+00:00, run_after=2026-02-23 00:00:00+00:00
[2026-02-23T23:48:21.362+0000] {processor.py:208} INFO - Processing /opt/airflow/dags/learning_pipeline.py took 0.091 seconds
[2026-02-23T23:48:51.555+0000] {processor.py:186} INFO - Started process (PID=198) to work on /opt/airflow/dags/learning_pipeline.py
[2026-02-23T23:48:51.556+0000] {processor.py:914} INFO - Processing file /opt/airflow/dags/learning_pipeline.py for tasks to queue
[2026-02-23T23:48:51.559+0000] {logging_mixin.py:190} INFO - [2026-02-23T23:48:51.559+0000] {dagbag.py:588} INFO - Filling up the DagBag from /opt/airflow/dags/learning_pipeline.py
[2026-02-23T23:48:51.580+0000] {processor.py:925} INFO - DAG(s) 'learning_etl_pipeline' retrieved from /opt/airflow/dags/learning_pipeline.py
[2026-02-23T23:48:51.607+0000] {logging_mixin.py:190} INFO - [2026-02-23T23:48:51.607+0000] {dag.py:3239} INFO - Sync 1 DAGs
[2026-02-23T23:48:51.628+0000] {logging_mixin.py:190} INFO - [2026-02-23T23:48:51.628+0000] {dag.py:4180} INFO - Setting next_dagrun for learning_etl_pipeline to 2026-02-22 00:00:00+00:00, run_after=2026-02-23 00:00:00+00:00
[2026-02-23T23:48:51.644+0000] {processor.py:208} INFO - Processing /opt/airflow/dags/learning_pipeline.py took 0.094 seconds
[2026-02-23T23:49:21.744+0000] {processor.py:186} INFO - Started process (PID=203) to work on /opt/airflow/dags/learning_pipeline.py
[2026-02-23T23:49:21.744+0000] {processor.py:914} INFO - Processing file /opt/airflow/dags/learning_pipeline.py for tasks to queue
[2026-02-23T23:49:21.747+0000] {logging_mixin.py:190} INFO - [2026-02-23T23:49:21.746+0000] {dagbag.py:588} INFO - Filling up the DagBag from /opt/airflow/dags/learning_pipeline.py
[2026-02-23T23:49:21.767+0000] {processor.py:925} INFO - DAG(s) 'learning_etl_pipeline' retrieved from /opt/airflow/dags/learning_pipeline.py
[2026-02-23T23:49:21.792+0000] {logging_mixin.py:190} INFO - [2026-02-23T23:49:21.792+0000] {dag.py:3239} INFO - Sync 1 DAGs
[2026-02-23T23:49:21.812+0000] {logging_mixin.py:190} INFO - [2026-02-23T23:49:21.812+0000] {dag.py:4180} INFO - Setting next_dagrun for learning_etl_pipeline to 2026-02-22 00:00:00+00:00, run_after=2026-02-23 00:00:00+00:00
[2026-02-23T23:49:21.827+0000] {processor.py:208} INFO - Processing /opt/airflow/dags/learning_pipeline.py took 0.088 seconds
[2026-02-23T23:49:51.961+0000] {processor.py:186} INFO - Started process (PID=208) to work on /opt/airflow/dags/learning_pipeline.py
[2026-02-23T23:49:51.962+0000] {processor.py:914} INFO - Processing file /opt/airflow/dags/learning_pipeline.py for tasks to queue
[2026-02-23T23:49:51.964+0000] {logging_mixin.py:190} INFO - [2026-02-23T23:49:51.964+0000] {dagbag.py:588} INFO - Filling up the DagBag from /opt/airflow/dags/learning_pipeline.py
[2026-02-23T23:49:51.984+0000] {processor.py:925} INFO - DAG(s) 'learning_etl_pipeline' retrieved from /opt/airflow/dags/learning_pipeline.py
[2026-02-23T23:49:52.008+0000] {logging_mixin.py:190} INFO - [2026-02-23T23:49:52.008+0000] {dag.py:3239} INFO - Sync 1 DAGs
[2026-02-23T23:49:52.029+0000] {logging_mixin.py:190} INFO - [2026-02-23T23:49:52.028+0000] {dag.py:4180} INFO - Setting next_dagrun for learning_etl_pipeline to 2026-02-22 00:00:00+00:00, run_after=2026-02-23 00:00:00+00:00
[2026-02-23T23:49:52.042+0000] {processor.py:208} INFO - Processing /opt/airflow/dags/learning_pipeline.py took 0.086 seconds
[2026-02-23T23:50:22.130+0000] {processor.py:186} INFO - Started process (PID=213) to work on /opt/airflow/dags/learning_pipeline.py
[2026-02-23T23:50:22.131+0000] {processor.py:914} INFO - Processing file /opt/airflow/dags/learning_pipeline.py for tasks to queue
[2026-02-23T23:50:22.134+0000] {logging_mixin.py:190} INFO - [2026-02-23T23:50:22.133+0000] {dagbag.py:588} INFO - Filling up the DagBag from /opt/airflow/dags/learning_pipeline.py
[2026-02-23T23:50:22.153+0000] {processor.py:925} INFO - DAG(s) 'learning_etl_pipeline' retrieved from /opt/airflow/dags/learning_pipeline.py
[2026-02-23T23:50:22.180+0000] {logging_mixin.py:190} INFO - [2026-02-23T23:50:22.179+0000] {dag.py:3239} INFO - Sync 1 DAGs
[2026-02-23T23:50:22.202+0000] {logging_mixin.py:190} INFO - [2026-02-23T23:50:22.201+0000] {dag.py:4180} INFO - Setting next_dagrun for learning_etl_pipeline to 2026-02-22 00:00:00+00:00, run_after=2026-02-23 00:00:00+00:00
[2026-02-23T23:50:22.216+0000] {processor.py:208} INFO - Processing /opt/airflow/dags/learning_pipeline.py took 0.091 seconds
[2026-02-23T23:50:52.339+0000] {processor.py:186} INFO - Started process (PID=218) to work on /opt/airflow/dags/learning_pipeline.py
[2026-02-23T23:50:52.339+0000] {processor.py:914} INFO - Processing file /opt/airflow/dags/learning_pipeline.py for tasks to queue
[2026-02-23T23:50:52.341+0000] {logging_mixin.py:190} INFO - [2026-02-23T23:50:52.341+0000] {dagbag.py:588} INFO - Filling up the DagBag from /opt/airflow/dags/learning_pipeline.py
[2026-02-23T23:50:52.362+0000] {processor.py:925} INFO - DAG(s) 'learning_etl_pipeline' retrieved from /opt/airflow/dags/learning_pipeline.py
[2026-02-23T23:50:52.386+0000] {logging_mixin.py:190} INFO - [2026-02-23T23:50:52.386+0000] {dag.py:3239} INFO - Sync 1 DAGs
[2026-02-23T23:50:52.406+0000] {logging_mixin.py:190} INFO - [2026-02-23T23:50:52.406+0000] {dag.py:4180} INFO - Setting next_dagrun for learning_etl_pipeline to 2026-02-22 00:00:00+00:00, run_after=2026-02-23 00:00:00+00:00
[2026-02-23T23:50:52.420+0000] {processor.py:208} INFO - Processing /opt/airflow/dags/learning_pipeline.py took 0.086 seconds
[2026-02-23T23:51:22.508+0000] {processor.py:186} INFO - Started process (PID=223) to work on /opt/airflow/dags/learning_pipeline.py
[2026-02-23T23:51:22.509+0000] {processor.py:914} INFO - Processing file /opt/airflow/dags/learning_pipeline.py for tasks to queue
[2026-02-23T23:51:22.511+0000] {logging_mixin.py:190} INFO - [2026-02-23T23:51:22.511+0000] {dagbag.py:588} INFO - Filling up the DagBag from /opt/airflow/dags/learning_pipeline.py
[2026-02-23T23:51:22.530+0000] {processor.py:925} INFO - DAG(s) 'learning_etl_pipeline' retrieved from /opt/airflow/dags/learning_pipeline.py
[2026-02-23T23:51:22.555+0000] {logging_mixin.py:190} INFO - [2026-02-23T23:51:22.555+0000] {dag.py:3239} INFO - Sync 1 DAGs
[2026-02-23T23:51:22.575+0000] {logging_mixin.py:190} INFO - [2026-02-23T23:51:22.575+0000] {dag.py:4180} INFO - Setting next_dagrun for learning_etl_pipeline to 2026-02-22 00:00:00+00:00, run_after=2026-02-23 00:00:00+00:00
[2026-02-23T23:51:22.589+0000] {processor.py:208} INFO - Processing /opt/airflow/dags/learning_pipeline.py took 0.086 seconds
[2026-02-23T23:51:44.097+0000] {processor.py:186} INFO - Started process (PID=183) to work on /opt/airflow/dags/learning_pipeline.py
[2026-02-23T23:51:44.098+0000] {processor.py:914} INFO - Processing file /opt/airflow/dags/learning_pipeline.py for tasks to queue
[2026-02-23T23:51:44.099+0000] {logging_mixin.py:190} INFO - [2026-02-23T23:51:44.099+0000] {dagbag.py:588} INFO - Filling up the DagBag from /opt/airflow/dags/learning_pipeline.py
[2026-02-23T23:51:44.129+0000] {processor.py:925} INFO - DAG(s) 'learning_etl_pipeline' retrieved from /opt/airflow/dags/learning_pipeline.py
[2026-02-23T23:51:44.164+0000] {logging_mixin.py:190} INFO - [2026-02-23T23:51:44.164+0000] {dag.py:3239} INFO - Sync 1 DAGs
[2026-02-23T23:51:44.184+0000] {logging_mixin.py:190} INFO - [2026-02-23T23:51:44.184+0000] {dag.py:4180} INFO - Setting next_dagrun for learning_etl_pipeline to 2026-02-22 00:00:00+00:00, run_after=2026-02-23 00:00:00+00:00
[2026-02-23T23:51:44.201+0000] {processor.py:208} INFO - Processing /opt/airflow/dags/learning_pipeline.py took 0.109 seconds
[2026-02-23T23:52:14.272+0000] {processor.py:186} INFO - Started process (PID=188) to work on /opt/airflow/dags/learning_pipeline.py
[2026-02-23T23:52:14.272+0000] {processor.py:914} INFO - Processing file /opt/airflow/dags/learning_pipeline.py for tasks to queue
[2026-02-23T23:52:14.275+0000] {logging_mixin.py:190} INFO - [2026-02-23T23:52:14.275+0000] {dagbag.py:588} INFO - Filling up the DagBag from /opt/airflow/dags/learning_pipeline.py
[2026-02-23T23:52:14.294+0000] {processor.py:925} INFO - DAG(s) 'learning_etl_pipeline' retrieved from /opt/airflow/dags/learning_pipeline.py
[2026-02-23T23:52:14.320+0000] {logging_mixin.py:190} INFO - [2026-02-23T23:52:14.320+0000] {dag.py:3239} INFO - Sync 1 DAGs
[2026-02-23T23:52:14.341+0000] {logging_mixin.py:190} INFO - [2026-02-23T23:52:14.341+0000] {dag.py:4180} INFO - Setting next_dagrun for learning_etl_pipeline to 2026-02-22 00:00:00+00:00, run_after=2026-02-23 00:00:00+00:00
[2026-02-23T23:52:14.354+0000] {processor.py:208} INFO - Processing /opt/airflow/dags/learning_pipeline.py took 0.088 seconds
[2026-02-23T23:52:44.497+0000] {processor.py:186} INFO - Started process (PID=193) to work on /opt/airflow/dags/learning_pipeline.py
[2026-02-23T23:52:44.497+0000] {processor.py:914} INFO - Processing file /opt/airflow/dags/learning_pipeline.py for tasks to queue
[2026-02-23T23:52:44.500+0000] {logging_mixin.py:190} INFO - [2026-02-23T23:52:44.500+0000] {dagbag.py:588} INFO - Filling up the DagBag from /opt/airflow/dags/learning_pipeline.py
[2026-02-23T23:52:44.518+0000] {processor.py:925} INFO - DAG(s) 'learning_etl_pipeline' retrieved from /opt/airflow/dags/learning_pipeline.py
[2026-02-23T23:52:44.543+0000] {logging_mixin.py:190} INFO - [2026-02-23T23:52:44.543+0000] {dag.py:3239} INFO - Sync 1 DAGs
[2026-02-23T23:52:44.562+0000] {logging_mixin.py:190} INFO - [2026-02-23T23:52:44.562+0000] {dag.py:4180} INFO - Setting next_dagrun for learning_etl_pipeline to 2026-02-22 00:00:00+00:00, run_after=2026-02-23 00:00:00+00:00
[2026-02-23T23:52:44.576+0000] {processor.py:208} INFO - Processing /opt/airflow/dags/learning_pipeline.py took 0.085 seconds
[2026-02-23T23:53:14.658+0000] {processor.py:186} INFO - Started process (PID=198) to work on /opt/airflow/dags/learning_pipeline.py
[2026-02-23T23:53:14.659+0000] {processor.py:914} INFO - Processing file /opt/airflow/dags/learning_pipeline.py for tasks to queue
[2026-02-23T23:53:14.662+0000] {logging_mixin.py:190} INFO - [2026-02-23T23:53:14.662+0000] {dagbag.py:588} INFO - Filling up the DagBag from /opt/airflow/dags/learning_pipeline.py
[2026-02-23T23:53:14.681+0000] {processor.py:925} INFO - DAG(s) 'learning_etl_pipeline' retrieved from /opt/airflow/dags/learning_pipeline.py
[2026-02-23T23:53:14.706+0000] {logging_mixin.py:190} INFO - [2026-02-23T23:53:14.706+0000] {dag.py:3239} INFO - Sync 1 DAGs
[2026-02-23T23:53:14.725+0000] {logging_mixin.py:190} INFO - [2026-02-23T23:53:14.725+0000] {dag.py:4180} INFO - Setting next_dagrun for learning_etl_pipeline to 2026-02-22 00:00:00+00:00, run_after=2026-02-23 00:00:00+00:00
[2026-02-23T23:53:14.739+0000] {processor.py:208} INFO - Processing /opt/airflow/dags/learning_pipeline.py took 0.085 seconds
[2026-02-23T23:53:51.775+0000] {processor.py:186} INFO - Started process (PID=183) to work on /opt/airflow/dags/learning_pipeline.py
[2026-02-23T23:53:51.775+0000] {processor.py:914} INFO - Processing file /opt/airflow/dags/learning_pipeline.py for tasks to queue
[2026-02-23T23:53:51.777+0000] {logging_mixin.py:190} INFO - [2026-02-23T23:53:51.777+0000] {dagbag.py:588} INFO - Filling up the DagBag from /opt/airflow/dags/learning_pipeline.py
[2026-02-23T23:53:51.804+0000] {processor.py:925} INFO - DAG(s) 'learning_etl_pipeline' retrieved from /opt/airflow/dags/learning_pipeline.py
[2026-02-23T23:53:51.838+0000] {logging_mixin.py:190} INFO - [2026-02-23T23:53:51.838+0000] {dag.py:3239} INFO - Sync 1 DAGs
[2026-02-23T23:53:51.858+0000] {logging_mixin.py:190} INFO - [2026-02-23T23:53:51.858+0000] {dag.py:4180} INFO - Setting next_dagrun for learning_etl_pipeline to 2026-02-22 00:00:00+00:00, run_after=2026-02-23 00:00:00+00:00
[2026-02-23T23:53:51.874+0000] {processor.py:208} INFO - Processing /opt/airflow/dags/learning_pipeline.py took 0.103 seconds
[2026-02-23T23:54:21.957+0000] {processor.py:186} INFO - Started process (PID=188) to work on /opt/airflow/dags/learning_pipeline.py
[2026-02-23T23:54:21.957+0000] {processor.py:914} INFO - Processing file /opt/airflow/dags/learning_pipeline.py for tasks to queue
[2026-02-23T23:54:21.959+0000] {logging_mixin.py:190} INFO - [2026-02-23T23:54:21.959+0000] {dagbag.py:588} INFO - Filling up the DagBag from /opt/airflow/dags/learning_pipeline.py
[2026-02-23T23:54:21.976+0000] {processor.py:925} INFO - DAG(s) 'learning_etl_pipeline' retrieved from /opt/airflow/dags/learning_pipeline.py
[2026-02-23T23:54:21.997+0000] {logging_mixin.py:190} INFO - [2026-02-23T23:54:21.997+0000] {dag.py:3239} INFO - Sync 1 DAGs
[2026-02-23T23:54:22.015+0000] {logging_mixin.py:190} INFO - [2026-02-23T23:54:22.015+0000] {dag.py:4180} INFO - Setting next_dagrun for learning_etl_pipeline to 2026-02-22 00:00:00+00:00, run_after=2026-02-23 00:00:00+00:00
[2026-02-23T23:54:22.027+0000] {processor.py:208} INFO - Processing /opt/airflow/dags/learning_pipeline.py took 0.075 seconds
[2026-02-23T23:54:52.185+0000] {processor.py:186} INFO - Started process (PID=193) to work on /opt/airflow/dags/learning_pipeline.py
[2026-02-23T23:54:52.185+0000] {processor.py:914} INFO - Processing file /opt/airflow/dags/learning_pipeline.py for tasks to queue
[2026-02-23T23:54:52.187+0000] {logging_mixin.py:190} INFO - [2026-02-23T23:54:52.187+0000] {dagbag.py:588} INFO - Filling up the DagBag from /opt/airflow/dags/learning_pipeline.py
[2026-02-23T23:54:52.206+0000] {processor.py:925} INFO - DAG(s) 'learning_etl_pipeline' retrieved from /opt/airflow/dags/learning_pipeline.py
[2026-02-23T23:54:52.231+0000] {logging_mixin.py:190} INFO - [2026-02-23T23:54:52.230+0000] {dag.py:3239} INFO - Sync 1 DAGs
[2026-02-23T23:54:52.250+0000] {logging_mixin.py:190} INFO - [2026-02-23T23:54:52.250+0000] {dag.py:4180} INFO - Setting next_dagrun for learning_etl_pipeline to 2026-02-22 00:00:00+00:00, run_after=2026-02-23 00:00:00+00:00
[2026-02-23T23:54:52.263+0000] {processor.py:208} INFO - Processing /opt/airflow/dags/learning_pipeline.py took 0.082 seconds
[2026-02-23T23:55:22.343+0000] {processor.py:186} INFO - Started process (PID=198) to work on /opt/airflow/dags/learning_pipeline.py
[2026-02-23T23:55:22.344+0000] {processor.py:914} INFO - Processing file /opt/airflow/dags/learning_pipeline.py for tasks to queue
[2026-02-23T23:55:22.346+0000] {logging_mixin.py:190} INFO - [2026-02-23T23:55:22.346+0000] {dagbag.py:588} INFO - Filling up the DagBag from /opt/airflow/dags/learning_pipeline.py
[2026-02-23T23:55:22.364+0000] {processor.py:925} INFO - DAG(s) 'learning_etl_pipeline' retrieved from /opt/airflow/dags/learning_pipeline.py
[2026-02-23T23:55:22.389+0000] {logging_mixin.py:190} INFO - [2026-02-23T23:55:22.389+0000] {dag.py:3239} INFO - Sync 1 DAGs
[2026-02-23T23:55:22.409+0000] {logging_mixin.py:190} INFO - [2026-02-23T23:55:22.409+0000] {dag.py:4180} INFO - Setting next_dagrun for learning_etl_pipeline to 2026-02-22 00:00:00+00:00, run_after=2026-02-23 00:00:00+00:00
[2026-02-23T23:55:22.422+0000] {processor.py:208} INFO - Processing /opt/airflow/dags/learning_pipeline.py took 0.083 seconds
[2026-02-23T23:55:52.549+0000] {processor.py:186} INFO - Started process (PID=203) to work on /opt/airflow/dags/learning_pipeline.py
[2026-02-23T23:55:52.550+0000] {processor.py:914} INFO - Processing file /opt/airflow/dags/learning_pipeline.py for tasks to queue
[2026-02-23T23:55:52.552+0000] {logging_mixin.py:190} INFO - [2026-02-23T23:55:52.552+0000] {dagbag.py:588} INFO - Filling up the DagBag from /opt/airflow/dags/learning_pipeline.py
[2026-02-23T23:55:52.572+0000] {processor.py:925} INFO - DAG(s) 'learning_etl_pipeline' retrieved from /opt/airflow/dags/learning_pipeline.py
[2026-02-23T23:55:52.595+0000] {logging_mixin.py:190} INFO - [2026-02-23T23:55:52.595+0000] {dag.py:3239} INFO - Sync 1 DAGs
[2026-02-23T23:55:52.615+0000] {logging_mixin.py:190} INFO - [2026-02-23T23:55:52.615+0000] {dag.py:4180} INFO - Setting next_dagrun for learning_etl_pipeline to 2026-02-22 00:00:00+00:00, run_after=2026-02-23 00:00:00+00:00
[2026-02-23T23:55:52.628+0000] {processor.py:208} INFO - Processing /opt/airflow/dags/learning_pipeline.py took 0.083 seconds
[2026-02-23T23:56:22.715+0000] {processor.py:186} INFO - Started process (PID=208) to work on /opt/airflow/dags/learning_pipeline.py
[2026-02-23T23:56:22.716+0000] {processor.py:914} INFO - Processing file /opt/airflow/dags/learning_pipeline.py for tasks to queue
[2026-02-23T23:56:22.719+0000] {logging_mixin.py:190} INFO - [2026-02-23T23:56:22.718+0000] {dagbag.py:588} INFO - Filling up the DagBag from /opt/airflow/dags/learning_pipeline.py
[2026-02-23T23:56:22.738+0000] {processor.py:925} INFO - DAG(s) 'learning_etl_pipeline' retrieved from /opt/airflow/dags/learning_pipeline.py
[2026-02-23T23:56:22.762+0000] {logging_mixin.py:190} INFO - [2026-02-23T23:56:22.762+0000] {dag.py:3239} INFO - Sync 1 DAGs
[2026-02-23T23:56:22.782+0000] {logging_mixin.py:190} INFO - [2026-02-23T23:56:22.782+0000] {dag.py:4180} INFO - Setting next_dagrun for learning_etl_pipeline to 2026-02-22 00:00:00+00:00, run_after=2026-02-23 00:00:00+00:00
[2026-02-23T23:56:22.796+0000] {processor.py:208} INFO - Processing /opt/airflow/dags/learning_pipeline.py took 0.086 seconds
[2026-02-23T23:56:52.915+0000] {processor.py:186} INFO - Started process (PID=213) to work on /opt/airflow/dags/learning_pipeline.py
[2026-02-23T23:56:52.915+0000] {processor.py:914} INFO - Processing file /opt/airflow/dags/learning_pipeline.py for tasks to queue
[2026-02-23T23:56:52.917+0000] {logging_mixin.py:190} INFO - [2026-02-23T23:56:52.917+0000] {dagbag.py:588} INFO - Filling up the DagBag from /opt/airflow/dags/learning_pipeline.py
[2026-02-23T23:56:52.935+0000] {processor.py:925} INFO - DAG(s) 'learning_etl_pipeline' retrieved from /opt/airflow/dags/learning_pipeline.py
[2026-02-23T23:56:52.959+0000] {logging_mixin.py:190} INFO - [2026-02-23T23:56:52.959+0000] {dag.py:3239} INFO - Sync 1 DAGs
[2026-02-23T23:56:52.979+0000] {logging_mixin.py:190} INFO - [2026-02-23T23:56:52.979+0000] {dag.py:4180} INFO - Setting next_dagrun for learning_etl_pipeline to 2026-02-22 00:00:00+00:00, run_after=2026-02-23 00:00:00+00:00
[2026-02-23T23:56:52.993+0000] {processor.py:208} INFO - Processing /opt/airflow/dags/learning_pipeline.py took 0.083 seconds
[2026-02-23T23:57:23.092+0000] {processor.py:186} INFO - Started process (PID=218) to work on /opt/airflow/dags/learning_pipeline.py
[2026-02-23T23:57:23.093+0000] {processor.py:914} INFO - Processing file /opt/airflow/dags/learning_pipeline.py for tasks to queue
[2026-02-23T23:57:23.095+0000] {logging_mixin.py:190} INFO - [2026-02-23T23:57:23.095+0000] {dagbag.py:588} INFO - Filling up the DagBag from /opt/airflow/dags/learning_pipeline.py
[2026-02-23T23:57:23.123+0000] {processor.py:925} INFO - DAG(s) 'learning_etl_pipeline' retrieved from /opt/airflow/dags/learning_pipeline.py
[2026-02-23T23:57:23.150+0000] {logging_mixin.py:190} INFO - [2026-02-23T23:57:23.150+0000] {dag.py:3239} INFO - Sync 1 DAGs
[2026-02-23T23:57:23.170+0000] {logging_mixin.py:190} INFO - [2026-02-23T23:57:23.170+0000] {dag.py:4180} INFO - Setting next_dagrun for learning_etl_pipeline to 2026-02-22 00:00:00+00:00, run_after=2026-02-23 00:00:00+00:00
[2026-02-23T23:57:23.184+0000] {processor.py:208} INFO - Processing /opt/airflow/dags/learning_pipeline.py took 0.097 seconds
[2026-02-23T23:57:53.311+0000] {processor.py:186} INFO - Started process (PID=223) to work on /opt/airflow/dags/learning_pipeline.py
[2026-02-23T23:57:53.312+0000] {processor.py:914} INFO - Processing file /opt/airflow/dags/learning_pipeline.py for tasks to queue
[2026-02-23T23:57:53.314+0000] {logging_mixin.py:190} INFO - [2026-02-23T23:57:53.314+0000] {dagbag.py:588} INFO - Filling up the DagBag from /opt/airflow/dags/learning_pipeline.py
[2026-02-23T23:57:53.335+0000] {processor.py:925} INFO - DAG(s) 'learning_etl_pipeline' retrieved from /opt/airflow/dags/learning_pipeline.py
[2026-02-23T23:57:53.365+0000] {logging_mixin.py:190} INFO - [2026-02-23T23:57:53.365+0000] {dag.py:3239} INFO - Sync 1 DAGs
[2026-02-23T23:57:53.391+0000] {logging_mixin.py:190} INFO - [2026-02-23T23:57:53.390+0000] {dag.py:4180} INFO - Setting next_dagrun for learning_etl_pipeline to 2026-02-22 00:00:00+00:00, run_after=2026-02-23 00:00:00+00:00
[2026-02-23T23:57:53.409+0000] {processor.py:208} INFO - Processing /opt/airflow/dags/learning_pipeline.py took 0.103 seconds
[2026-02-23T23:58:23.492+0000] {processor.py:186} INFO - Started process (PID=228) to work on /opt/airflow/dags/learning_pipeline.py
[2026-02-23T23:58:23.493+0000] {processor.py:914} INFO - Processing file /opt/airflow/dags/learning_pipeline.py for tasks to queue
[2026-02-23T23:58:23.496+0000] {logging_mixin.py:190} INFO - [2026-02-23T23:58:23.495+0000] {dagbag.py:588} INFO - Filling up the DagBag from /opt/airflow/dags/learning_pipeline.py
[2026-02-23T23:58:23.517+0000] {processor.py:925} INFO - DAG(s) 'learning_etl_pipeline' retrieved from /opt/airflow/dags/learning_pipeline.py
[2026-02-23T23:58:23.543+0000] {logging_mixin.py:190} INFO - [2026-02-23T23:58:23.543+0000] {dag.py:3239} INFO - Sync 1 DAGs
[2026-02-23T23:58:23.563+0000] {logging_mixin.py:190} INFO - [2026-02-23T23:58:23.563+0000] {dag.py:4180} INFO - Setting next_dagrun for learning_etl_pipeline to 2026-02-22 00:00:00+00:00, run_after=2026-02-23 00:00:00+00:00
[2026-02-23T23:58:23.578+0000] {processor.py:208} INFO - Processing /opt/airflow/dags/learning_pipeline.py took 0.092 seconds
[2026-02-23T23:58:53.753+0000] {processor.py:186} INFO - Started process (PID=233) to work on /opt/airflow/dags/learning_pipeline.py
[2026-02-23T23:58:53.753+0000] {processor.py:914} INFO - Processing file /opt/airflow/dags/learning_pipeline.py for tasks to queue
[2026-02-23T23:58:53.756+0000] {logging_mixin.py:190} INFO - [2026-02-23T23:58:53.756+0000] {dagbag.py:588} INFO - Filling up the DagBag from /opt/airflow/dags/learning_pipeline.py
[2026-02-23T23:58:53.775+0000] {processor.py:925} INFO - DAG(s) 'learning_etl_pipeline' retrieved from /opt/airflow/dags/learning_pipeline.py
[2026-02-23T23:58:53.799+0000] {logging_mixin.py:190} INFO - [2026-02-23T23:58:53.799+0000] {dag.py:3239} INFO - Sync 1 DAGs
[2026-02-23T23:58:53.818+0000] {logging_mixin.py:190} INFO - [2026-02-23T23:58:53.818+0000] {dag.py:4180} INFO - Setting next_dagrun for learning_etl_pipeline to 2026-02-22 00:00:00+00:00, run_after=2026-02-23 00:00:00+00:00
[2026-02-23T23:58:53.832+0000] {processor.py:208} INFO - Processing /opt/airflow/dags/learning_pipeline.py took 0.084 seconds
[2026-02-23T23:59:23.917+0000] {processor.py:186} INFO - Started process (PID=238) to work on /opt/airflow/dags/learning_pipeline.py
[2026-02-23T23:59:23.918+0000] {processor.py:914} INFO - Processing file /opt/airflow/dags/learning_pipeline.py for tasks to queue
[2026-02-23T23:59:23.920+0000] {logging_mixin.py:190} INFO - [2026-02-23T23:59:23.920+0000] {dagbag.py:588} INFO - Filling up the DagBag from /opt/airflow/dags/learning_pipeline.py
[2026-02-23T23:59:23.940+0000] {processor.py:925} INFO - DAG(s) 'learning_etl_pipeline' retrieved from /opt/airflow/dags/learning_pipeline.py
[2026-02-23T23:59:23.966+0000] {logging_mixin.py:190} INFO - [2026-02-23T23:59:23.965+0000] {dag.py:3239} INFO - Sync 1 DAGs
[2026-02-23T23:59:23.985+0000] {logging_mixin.py:190} INFO - [2026-02-23T23:59:23.985+0000] {dag.py:4180} INFO - Setting next_dagrun for learning_etl_pipeline to 2026-02-22 00:00:00+00:00, run_after=2026-02-23 00:00:00+00:00
[2026-02-23T23:59:24.000+0000] {processor.py:208} INFO - Processing /opt/airflow/dags/learning_pipeline.py took 0.087 seconds
[2026-02-23T23:59:54.138+0000] {processor.py:186} INFO - Started process (PID=243) to work on /opt/airflow/dags/learning_pipeline.py
[2026-02-23T23:59:54.139+0000] {processor.py:914} INFO - Processing file /opt/airflow/dags/learning_pipeline.py for tasks to queue
[2026-02-23T23:59:54.141+0000] {logging_mixin.py:190} INFO - [2026-02-23T23:59:54.141+0000] {dagbag.py:588} INFO - Filling up the DagBag from /opt/airflow/dags/learning_pipeline.py
[2026-02-23T23:59:54.160+0000] {processor.py:925} INFO - DAG(s) 'learning_etl_pipeline' retrieved from /opt/airflow/dags/learning_pipeline.py
[2026-02-23T23:59:54.185+0000] {logging_mixin.py:190} INFO - [2026-02-23T23:59:54.184+0000] {dag.py:3239} INFO - Sync 1 DAGs
[2026-02-23T23:59:54.204+0000] {logging_mixin.py:190} INFO - [2026-02-23T23:59:54.204+0000] {dag.py:4180} INFO - Setting next_dagrun for learning_etl_pipeline to 2026-02-22 00:00:00+00:00, run_after=2026-02-23 00:00:00+00:00
[2026-02-23T23:59:54.219+0000] {processor.py:208} INFO - Processing /opt/airflow/dags/learning_pipeline.py took 0.085 seconds
